<component name="libraryTable">
  <library name="junit.jupiter.engine" type="repository">
    <properties maven-id="org.junit.jupiter:junit-jupiter-engine:5.10.1" />
    <CLASSES>
      <root url="jar://$PROJECT_DIR$/.build/lib/junit-jupiter-engine-5.10.1.jar!/" />
      <root url="jar://$PROJECT_DIR$/.build/lib/junit-platform-engine-1.10.1.jar!/" />
      <root url="jar://$PROJECT_DIR$/.build/lib/opentest4j-1.3.0.jar!/" />
      <root url="jar://$PROJECT_DIR$/.build/lib/junit-platform-commons-1.10.1.jar!/" />
      <root url="jar://$PROJECT_DIR$/.build/lib/junit-jupiter-api-5.10.1.jar!/" />
      <root url="jar://$PROJECT_DIR$/.build/lib/apiguardian-api-1.1.2.jar!/" />
    </CLASSES>
    <JAVADOC>
      <root url="jar://$PROJECT_DIR$/.build/lib/junit-jupiter-engine-5.10.1-javadoc.jar!/" />
      <root url="jar://$PROJECT_DIR$/.build/lib/junit-platform-engine-1.10.1-javadoc.jar!/" />
      <root url="jar://$PROJECT_DIR$/.build/lib/opentest4j-1.3.0-javadoc.jar!/" />
      <root url="jar://$PROJECT_DIR$/.build/lib/junit-platform-commons-1.10.1-javadoc.jar!/" />
      <root url="jar://$PROJECT_DIR$/.build/lib/junit-jupiter-api-5.10.1-javadoc.jar!/" />
      <root url="jar://$PROJECT_DIR$/.build/lib/apiguardian-api-1.1.2-javadoc.jar!/" />
    </JAVADOC>
    <SOURCES />
  </library>
</component>